2018-10-14 22:28:40,783 [JavaFX Application Thread] INFO  marytts.main Mary starting up...
2018-10-14 22:28:40,786 [JavaFX Application Thread] INFO  marytts.main Specification version 5.2
2018-10-14 22:28:40,786 [JavaFX Application Thread] INFO  marytts.main Implementation version unknown
2018-10-14 22:28:40,786 [JavaFX Application Thread] INFO  marytts.main Running on a Java 1.8.0_181 implementation by Oracle Corporation, on a Windows 10 platform (amd64, 10.0)
2018-10-14 22:28:40,853 [JavaFX Application Thread] INFO  marytts.ModuleRegistry Now initiating mary module 'marytts.modules.Synthesis'
2018-10-14 22:28:40,857 [JavaFX Application Thread] INFO  marytts.ModuleRegistry Now initiating mary module 'marytts.modules.TextToMaryXML'
2018-10-14 22:28:40,858 [JavaFX Application Thread] INFO  marytts.ModuleRegistry Now initiating mary module 'marytts.modules.SableParser'
2018-10-14 22:28:40,858 [JavaFX Application Thread] INFO  marytts.ModuleRegistry Now initiating mary module 'marytts.modules.SSMLParser'
2018-10-14 22:28:40,859 [JavaFX Application Thread] INFO  marytts.ModuleRegistry Now initiating mary module 'marytts.modules.APMLParser'
2018-10-14 22:28:40,860 [JavaFX Application Thread] INFO  marytts.ModuleRegistry Now initiating mary module 'marytts.modules.EmotionmlParser'
2018-10-14 22:28:40,860 [JavaFX Application Thread] INFO  marytts.ModuleRegistry Now initiating mary module 'marytts.modules.JTokeniser'
2018-10-14 22:28:40,861 [JavaFX Application Thread] INFO  marytts.ModuleRegistry Now initiating mary module 'marytts.modules.DummyTokens2Words'
2018-10-14 22:28:40,861 [JavaFX Application Thread] INFO  marytts.ModuleRegistry Now initiating mary module 'marytts.modules.ProsodyGeneric'
2018-10-14 22:28:40,864 [JavaFX Application Thread] INFO  marytts.ModuleRegistry Now initiating mary module 'marytts.modules.PronunciationModel'
2018-10-14 22:28:40,865 [JavaFX Application Thread] INFO  marytts.ModuleRegistry Now initiating mary module 'marytts.modules.TargetFeatureLister'
2018-10-14 22:28:40,865 [JavaFX Application Thread] INFO  marytts.ModuleRegistry Now initiating mary module 'marytts.modules.HalfPhoneTargetFeatureLister'
2018-10-14 22:28:40,866 [JavaFX Application Thread] INFO  marytts.ModuleRegistry Now initiating mary module 'marytts.modules.AcousticModeller'
2018-10-14 22:28:40,866 [JavaFX Application Thread] INFO  marytts.ModuleRegistry Now initiating mary module 'marytts.modules.RealisedAcoustparamsExtractor'
2018-10-14 22:28:40,867 [JavaFX Application Thread] INFO  marytts.ModuleRegistry Now initiating mary module 'marytts.modules.RealisedDurationsExtractor'
2018-10-14 22:28:40,867 [JavaFX Application Thread] INFO  marytts.ModuleRegistry Now initiating mary module 'marytts.modules.HTSEngine'
2018-10-14 22:28:40,868 [JavaFX Application Thread] INFO  marytts.ModuleRegistry Now initiating mary module 'marytts.modules.PraatTextGridGenerator'
2018-10-14 22:28:40,869 [JavaFX Application Thread] INFO  marytts.ModuleRegistry Now initiating mary module 'marytts.language.en.JTokeniser'
2018-10-14 22:28:40,869 [JavaFX Application Thread] INFO  marytts.ModuleRegistry Now initiating mary module 'marytts.language.en.Preprocess'
2018-10-14 22:28:40,989 [JavaFX Application Thread] INFO  marytts.ModuleRegistry Now initiating mary module 'marytts.modules.JPhonemiser(en_US.)'
2018-10-14 22:28:40,990 [JavaFX Application Thread] INFO  marytts.JPhonemiser User dictionary '.\user-dictionaries\userdict-en_US.txt' for locale 'en_US' does not exist. Ignoring.
2018-10-14 22:28:41,049 [JavaFX Application Thread] INFO  marytts.ModuleRegistry Now initiating mary module 'marytts.modules.JPhonemiser(en_GB.)'
2018-10-14 22:28:41,049 [JavaFX Application Thread] INFO  marytts.JPhonemiser User dictionary '.\user-dictionaries\userdict-en_GB.txt' for locale 'en_GB' does not exist. Ignoring.
2018-10-14 22:28:41,100 [JavaFX Application Thread] INFO  marytts.ModuleRegistry Now initiating mary module 'marytts.language.en.Prosody'
2018-10-14 22:28:41,101 [JavaFX Application Thread] INFO  marytts.ModuleRegistry Now initiating mary module 'marytts.modules.SimplePhoneme2AP(en_US)'
2018-10-14 22:28:41,101 [JavaFX Application Thread] INFO  marytts.ModuleRegistry Now initiating mary module 'marytts.language.en.PronunciationModel'
2018-10-14 22:28:41,102 [JavaFX Application Thread] INFO  marytts.ModuleRegistry Now initiating mary module 'marytts.modules.OpenNLPPosTagger(en,en.pos)'
2018-10-14 22:28:41,105 [JavaFX Application Thread] INFO  marytts.UnitSelectionSynthesizer started.
2018-10-14 22:28:41,106 [JavaFX Application Thread] INFO  marytts.TargetFeatureLister Module started (ACOUSTPARAMS->TARGETFEATURES, locale null).
2018-10-14 22:28:41,106 [JavaFX Application Thread] INFO  marytts.HTSEngine Module started (TARGETFEATURES->AUDIO, locale null).
2018-10-14 22:28:41,159 [JavaFX Application Thread] INFO  marytts.HMMData Loading Tree Set in CARTs:
2018-10-14 22:28:41,207 [JavaFX Application Thread] INFO  marytts.HMMData Loading GV Model Set:
2018-10-14 22:28:41,321 [JavaFX Application Thread] INFO  marytts.Voice Registering voice `cmu-rms-hsmm': male, locale en_US
2018-10-14 22:28:41,321 [JavaFX Application Thread] INFO  marytts.Voice New default voice for locale en_US: cmu-rms-hsmm (desire 0)
2018-10-14 22:28:41,325 [JavaFX Application Thread] INFO  marytts.HMMData Loading Tree Set in CARTs:
2018-10-14 22:28:41,355 [JavaFX Application Thread] INFO  marytts.HMMData Loading GV Model Set:
2018-10-14 22:28:41,440 [JavaFX Application Thread] INFO  marytts.Voice Registering voice `cmu-slt-hsmm': female, locale en_US
2018-10-14 22:28:41,442 [JavaFX Application Thread] INFO  marytts.HMMData Loading Tree Set in CARTs:
2018-10-14 22:28:41,467 [JavaFX Application Thread] INFO  marytts.HMMData Loading GV Model Set:
2018-10-14 22:28:41,549 [JavaFX Application Thread] INFO  marytts.Voice Registering voice `dfki-poppy-hsmm': female, locale en_GB
2018-10-14 22:28:41,549 [JavaFX Application Thread] INFO  marytts.Voice New default voice for locale en_GB: dfki-poppy-hsmm (desire 0)
2018-10-14 22:28:41,549 [JavaFX Application Thread] INFO  marytts.HMMSynthesizer started.
2018-10-14 22:28:41,549 [JavaFX Application Thread] INFO  marytts.Synthesis Module started (ACOUSTPARAMS->AUDIO, locale null).
2018-10-14 22:28:41,549 [JavaFX Application Thread] INFO  marytts.HMMSynthesizer Starting power-on self test.
2018-10-14 22:28:41,551 [JavaFX Application Thread] INFO  marytts.HMMSynthesizer Power-on self test complete.
2018-10-14 22:28:41,551 [JavaFX Application Thread] INFO  marytts.TextToMaryXML Module started (TEXT->RAWMARYXML, locale null).
2018-10-14 22:28:41,551 [JavaFX Application Thread] INFO  marytts.TextToMaryXML Starting power-on self test.
2018-10-14 22:28:41,556 [JavaFX Application Thread] WARN  marytts.TextToMaryXML Locale is null, overriding with en_US
2018-10-14 22:28:41,556 [JavaFX Application Thread] WARN  marytts.TextToMaryXML Locale is null, overriding with en_US
2018-10-14 22:28:41,556 [JavaFX Application Thread] INFO  marytts.TextToMaryXML Power-on self test complete.
2018-10-14 22:28:41,683 [JavaFX Application Thread] INFO  marytts.SableParser Module started (SABLE->RAWMARYXML, locale null).
2018-10-14 22:28:41,683 [JavaFX Application Thread] INFO  marytts.SableParser Starting power-on self test.
2018-10-14 22:28:41,683 [JavaFX Application Thread] INFO  marytts.SableParser Power-on self test complete.
2018-10-14 22:28:41,729 [JavaFX Application Thread] INFO  marytts.SSMLParser Module started (SSML->RAWMARYXML, locale null).
2018-10-14 22:28:41,729 [JavaFX Application Thread] INFO  marytts.SSMLParser Starting power-on self test.
2018-10-14 22:28:41,729 [JavaFX Application Thread] INFO  marytts.SSMLParser Power-on self test complete.
2018-10-14 22:28:41,778 [JavaFX Application Thread] INFO  marytts.APMLParser Module started (APML->RAWMARYXML, locale null).
2018-10-14 22:28:41,778 [JavaFX Application Thread] INFO  marytts.APMLParser Starting power-on self test.
2018-10-14 22:28:41,778 [JavaFX Application Thread] INFO  marytts.APMLParser Power-on self test complete.
2018-10-14 22:28:41,805 [JavaFX Application Thread] INFO  marytts.EmotionmlParser Module started (EMOTIONML->RAWMARYXML, locale null).
2018-10-14 22:28:41,805 [JavaFX Application Thread] INFO  marytts.EmotionmlParser Starting power-on self test.
2018-10-14 22:28:41,805 [JavaFX Application Thread] INFO  marytts.EmotionmlParser Power-on self test complete.
2018-10-14 22:28:41,805 [JavaFX Application Thread] INFO  marytts.JTokeniser Module started (RAWMARYXML->TOKENS, locale null).
2018-10-14 22:28:41,830 [JavaFX Application Thread] INFO  marytts.JTokeniser Starting power-on self test.
2018-10-14 22:28:41,830 [JavaFX Application Thread] INFO  marytts.JTokeniser Power-on self test complete.
2018-10-14 22:28:41,830 [JavaFX Application Thread] INFO  marytts.DummyTokens2Words Module started (TOKENS->WORDS, locale null).
2018-10-14 22:28:41,830 [JavaFX Application Thread] INFO  marytts.DummyTokens2Words Starting power-on self test.
2018-10-14 22:28:41,830 [JavaFX Application Thread] INFO  marytts.DummyTokens2Words Power-on self test complete.
2018-10-14 22:28:41,834 [JavaFX Application Thread] INFO  marytts.Prosody Module started (PHONEMES->INTONATION, locale null).
2018-10-14 22:28:41,834 [JavaFX Application Thread] INFO  marytts.Prosody Starting power-on self test.
2018-10-14 22:28:41,834 [JavaFX Application Thread] INFO  marytts.Prosody Power-on self test complete.
2018-10-14 22:28:41,834 [JavaFX Application Thread] INFO  marytts.PronunciationModel Module started (INTONATION->ALLOPHONES, locale null).
2018-10-14 22:28:41,834 [JavaFX Application Thread] INFO  marytts.PronunciationModel Starting power-on self test.
2018-10-14 22:28:41,834 [JavaFX Application Thread] INFO  marytts.PronunciationModel Power-on self test complete.
2018-10-14 22:28:41,834 [JavaFX Application Thread] INFO  marytts.TargetFeatureLister Starting power-on self test.
2018-10-14 22:28:41,834 [JavaFX Application Thread] INFO  marytts.TargetFeatureLister Power-on self test complete.
2018-10-14 22:28:41,834 [JavaFX Application Thread] INFO  marytts.TargetFeatureLister Module started (ACOUSTPARAMS->HALFPHONE_TARGETFEATURES, locale null).
2018-10-14 22:28:41,834 [JavaFX Application Thread] INFO  marytts.TargetFeatureLister Starting power-on self test.
2018-10-14 22:28:41,834 [JavaFX Application Thread] INFO  marytts.TargetFeatureLister Power-on self test complete.
2018-10-14 22:28:41,834 [JavaFX Application Thread] INFO  marytts.AcousticModeller Module started (ALLOPHONES->ACOUSTPARAMS, locale null).
2018-10-14 22:28:41,834 [JavaFX Application Thread] INFO  marytts.AcousticModeller Starting power-on self test.
2018-10-14 22:28:41,834 [JavaFX Application Thread] INFO  marytts.AcousticModeller Power-on self test complete.
2018-10-14 22:28:41,834 [JavaFX Application Thread] INFO  marytts.Realised acoustparams extractor Module started (AUDIO->REALISED_ACOUSTPARAMS, locale null).
2018-10-14 22:28:41,834 [JavaFX Application Thread] INFO  marytts.Realised acoustparams extractor Starting power-on self test.
2018-10-14 22:28:41,834 [JavaFX Application Thread] INFO  marytts.Realised acoustparams extractor Power-on self test complete.
2018-10-14 22:28:41,834 [JavaFX Application Thread] INFO  marytts.Realised durations extractor Module started (AUDIO->REALISED_DURATIONS, locale null).
2018-10-14 22:28:41,834 [JavaFX Application Thread] INFO  marytts.Realised durations extractor Starting power-on self test.
2018-10-14 22:28:41,834 [JavaFX Application Thread] INFO  marytts.Realised durations extractor Power-on self test complete.
2018-10-14 22:28:41,835 [JavaFX Application Thread] INFO  marytts.Praat TextGrid generator Module started (REALISED_ACOUSTPARAMS->PRAAT_TEXTGRID, locale null).
2018-10-14 22:28:41,835 [JavaFX Application Thread] INFO  marytts.Praat TextGrid generator Starting power-on self test.
2018-10-14 22:28:41,835 [JavaFX Application Thread] INFO  marytts.Praat TextGrid generator Power-on self test complete.
2018-10-14 22:28:41,835 [JavaFX Application Thread] INFO  marytts.JTokeniser Module started (RAWMARYXML->TOKENS, locale en).
2018-10-14 22:28:41,845 [JavaFX Application Thread] INFO  marytts.JTokeniser Starting power-on self test.
2018-10-14 22:28:41,845 [JavaFX Application Thread] INFO  marytts.JTokeniser Power-on self test complete.
2018-10-14 22:28:41,845 [JavaFX Application Thread] INFO  marytts.Preprocess Module started (TOKENS->WORDS, locale en).
2018-10-14 22:28:41,845 [JavaFX Application Thread] INFO  marytts.Preprocess Starting power-on self test.
2018-10-14 22:28:41,845 [JavaFX Application Thread] INFO  marytts.Preprocess Power-on self test complete.
2018-10-14 22:28:41,845 [JavaFX Application Thread] INFO  marytts.JPhonemiser Module started (PARTSOFSPEECH->PHONEMES, locale en_US).
2018-10-14 22:28:41,847 [JavaFX Application Thread] INFO  marytts.JPhonemiser Starting power-on self test.
2018-10-14 22:28:41,847 [JavaFX Application Thread] INFO  marytts.JPhonemiser Power-on self test complete.
2018-10-14 22:28:41,847 [JavaFX Application Thread] INFO  marytts.JPhonemiser Module started (PARTSOFSPEECH->PHONEMES, locale en_GB).
2018-10-14 22:28:41,847 [JavaFX Application Thread] INFO  marytts.JPhonemiser Starting power-on self test.
2018-10-14 22:28:41,847 [JavaFX Application Thread] INFO  marytts.JPhonemiser Power-on self test complete.
2018-10-14 22:28:41,852 [JavaFX Application Thread] INFO  marytts.Prosody Module started (PHONEMES->INTONATION, locale en).
2018-10-14 22:28:41,852 [JavaFX Application Thread] INFO  marytts.Prosody Starting power-on self test.
2018-10-14 22:28:41,853 [JavaFX Application Thread] INFO  marytts.Prosody Power-on self test complete.
2018-10-14 22:28:41,853 [JavaFX Application Thread] INFO  marytts.SimplePhoneme2AP Module started (SIMPLEPHONEMES->ACOUSTPARAMS, locale en_US).
2018-10-14 22:28:41,853 [JavaFX Application Thread] INFO  marytts.SimplePhoneme2AP Starting power-on self test.
2018-10-14 22:28:41,855 [JavaFX Application Thread] INFO  marytts.SimplePhoneme2AP Power-on self test complete.
2018-10-14 22:28:41,855 [JavaFX Application Thread] INFO  marytts.PronunciationModel Module started (INTONATION->ALLOPHONES, locale en).
2018-10-14 22:28:41,855 [JavaFX Application Thread] INFO  marytts.PronunciationModel Starting power-on self test.
2018-10-14 22:28:41,855 [JavaFX Application Thread] INFO  marytts.PronunciationModel Power-on self test complete.
2018-10-14 22:28:41,855 [JavaFX Application Thread] INFO  marytts.OpenNLPPosTagger Module started (WORDS->PARTSOFSPEECH, locale en).
2018-10-14 22:28:42,488 [JavaFX Application Thread] INFO  marytts.OpenNLPPosTagger Starting power-on self test.
2018-10-14 22:28:42,488 [JavaFX Application Thread] INFO  marytts.OpenNLPPosTagger Power-on self test complete.
2018-10-14 22:28:42,488 [JavaFX Application Thread] INFO  marytts.main Startup complete.
2018-10-14 22:28:57,306 [Thread-5] INFO  marytts.main Shutting down modules...
2018-10-14 22:28:57,307 [Thread-5] INFO  marytts.Synthesis Module shut down.
2018-10-14 22:28:57,307 [Thread-5] INFO  marytts.TextToMaryXML Module shut down.
2018-10-14 22:28:57,307 [Thread-5] INFO  marytts.SableParser Module shut down.
2018-10-14 22:28:57,307 [Thread-5] INFO  marytts.SSMLParser Module shut down.
2018-10-14 22:28:57,307 [Thread-5] INFO  marytts.APMLParser Module shut down.
2018-10-14 22:28:57,307 [Thread-5] INFO  marytts.EmotionmlParser Module shut down.
2018-10-14 22:28:57,307 [Thread-5] INFO  marytts.JTokeniser Module shut down.
2018-10-14 22:28:57,307 [Thread-5] INFO  marytts.DummyTokens2Words Module shut down.
2018-10-14 22:28:57,307 [Thread-5] INFO  marytts.Prosody Module shut down.
2018-10-14 22:28:57,307 [Thread-5] INFO  marytts.PronunciationModel Module shut down.
2018-10-14 22:28:57,307 [Thread-5] INFO  marytts.TargetFeatureLister Module shut down.
2018-10-14 22:28:57,307 [Thread-5] INFO  marytts.TargetFeatureLister Module shut down.
2018-10-14 22:28:57,307 [Thread-5] INFO  marytts.AcousticModeller Module shut down.
2018-10-14 22:28:57,307 [Thread-5] INFO  marytts.Realised acoustparams extractor Module shut down.
2018-10-14 22:28:57,307 [Thread-5] INFO  marytts.Realised durations extractor Module shut down.
2018-10-14 22:28:57,307 [Thread-5] INFO  marytts.HTSEngine Module shut down.
2018-10-14 22:28:57,307 [Thread-5] INFO  marytts.Praat TextGrid generator Module shut down.
2018-10-14 22:28:57,307 [Thread-5] INFO  marytts.JTokeniser Module shut down.
2018-10-14 22:28:57,307 [Thread-5] INFO  marytts.Preprocess Module shut down.
2018-10-14 22:28:57,307 [Thread-5] INFO  marytts.JPhonemiser Module shut down.
2018-10-14 22:28:57,307 [Thread-5] INFO  marytts.JPhonemiser Module shut down.
2018-10-14 22:28:57,307 [Thread-5] INFO  marytts.Prosody Module shut down.
2018-10-14 22:28:57,307 [Thread-5] INFO  marytts.SimplePhoneme2AP Module shut down.
2018-10-14 22:28:57,307 [Thread-5] INFO  marytts.PronunciationModel Module shut down.
2018-10-14 22:28:57,307 [Thread-5] INFO  marytts.OpenNLPPosTagger Module shut down.
2018-10-14 22:28:57,308 [Thread-5] INFO  marytts.main Shutdown complete.
2018-10-14 22:31:06,202 [JavaFX Application Thread] INFO  marytts.main Mary starting up...
2018-10-14 22:31:06,206 [JavaFX Application Thread] INFO  marytts.main Specification version 5.2
2018-10-14 22:31:06,206 [JavaFX Application Thread] INFO  marytts.main Implementation version unknown
2018-10-14 22:31:06,206 [JavaFX Application Thread] INFO  marytts.main Running on a Java 1.8.0_181 implementation by Oracle Corporation, on a Windows 10 platform (amd64, 10.0)
2018-10-14 22:31:06,278 [JavaFX Application Thread] INFO  marytts.ModuleRegistry Now initiating mary module 'marytts.modules.Synthesis'
2018-10-14 22:31:06,281 [JavaFX Application Thread] INFO  marytts.ModuleRegistry Now initiating mary module 'marytts.modules.TextToMaryXML'
2018-10-14 22:31:06,281 [JavaFX Application Thread] INFO  marytts.ModuleRegistry Now initiating mary module 'marytts.modules.SableParser'
2018-10-14 22:31:06,282 [JavaFX Application Thread] INFO  marytts.ModuleRegistry Now initiating mary module 'marytts.modules.SSMLParser'
2018-10-14 22:31:06,282 [JavaFX Application Thread] INFO  marytts.ModuleRegistry Now initiating mary module 'marytts.modules.APMLParser'
2018-10-14 22:31:06,284 [JavaFX Application Thread] INFO  marytts.ModuleRegistry Now initiating mary module 'marytts.modules.EmotionmlParser'
2018-10-14 22:31:06,284 [JavaFX Application Thread] INFO  marytts.ModuleRegistry Now initiating mary module 'marytts.modules.JTokeniser'
2018-10-14 22:31:06,285 [JavaFX Application Thread] INFO  marytts.ModuleRegistry Now initiating mary module 'marytts.modules.DummyTokens2Words'
2018-10-14 22:31:06,286 [JavaFX Application Thread] INFO  marytts.ModuleRegistry Now initiating mary module 'marytts.modules.ProsodyGeneric'
2018-10-14 22:31:06,289 [JavaFX Application Thread] INFO  marytts.ModuleRegistry Now initiating mary module 'marytts.modules.PronunciationModel'
2018-10-14 22:31:06,290 [JavaFX Application Thread] INFO  marytts.ModuleRegistry Now initiating mary module 'marytts.modules.TargetFeatureLister'
2018-10-14 22:31:06,291 [JavaFX Application Thread] INFO  marytts.ModuleRegistry Now initiating mary module 'marytts.modules.HalfPhoneTargetFeatureLister'
2018-10-14 22:31:06,291 [JavaFX Application Thread] INFO  marytts.ModuleRegistry Now initiating mary module 'marytts.modules.AcousticModeller'
2018-10-14 22:31:06,292 [JavaFX Application Thread] INFO  marytts.ModuleRegistry Now initiating mary module 'marytts.modules.RealisedAcoustparamsExtractor'
2018-10-14 22:31:06,292 [JavaFX Application Thread] INFO  marytts.ModuleRegistry Now initiating mary module 'marytts.modules.RealisedDurationsExtractor'
2018-10-14 22:31:06,293 [JavaFX Application Thread] INFO  marytts.ModuleRegistry Now initiating mary module 'marytts.modules.HTSEngine'
2018-10-14 22:31:06,294 [JavaFX Application Thread] INFO  marytts.ModuleRegistry Now initiating mary module 'marytts.modules.PraatTextGridGenerator'
2018-10-14 22:31:06,294 [JavaFX Application Thread] INFO  marytts.ModuleRegistry Now initiating mary module 'marytts.language.en.JTokeniser'
2018-10-14 22:31:06,295 [JavaFX Application Thread] INFO  marytts.ModuleRegistry Now initiating mary module 'marytts.language.en.Preprocess'
2018-10-14 22:31:06,449 [JavaFX Application Thread] INFO  marytts.ModuleRegistry Now initiating mary module 'marytts.modules.JPhonemiser(en_US.)'
2018-10-14 22:31:06,451 [JavaFX Application Thread] INFO  marytts.JPhonemiser User dictionary '.\user-dictionaries\userdict-en_US.txt' for locale 'en_US' does not exist. Ignoring.
2018-10-14 22:31:06,516 [JavaFX Application Thread] INFO  marytts.ModuleRegistry Now initiating mary module 'marytts.modules.JPhonemiser(en_GB.)'
2018-10-14 22:31:06,517 [JavaFX Application Thread] INFO  marytts.JPhonemiser User dictionary '.\user-dictionaries\userdict-en_GB.txt' for locale 'en_GB' does not exist. Ignoring.
2018-10-14 22:31:06,579 [JavaFX Application Thread] INFO  marytts.ModuleRegistry Now initiating mary module 'marytts.language.en.Prosody'
2018-10-14 22:31:06,580 [JavaFX Application Thread] INFO  marytts.ModuleRegistry Now initiating mary module 'marytts.modules.SimplePhoneme2AP(en_US)'
2018-10-14 22:31:06,581 [JavaFX Application Thread] INFO  marytts.ModuleRegistry Now initiating mary module 'marytts.language.en.PronunciationModel'
2018-10-14 22:31:06,581 [JavaFX Application Thread] INFO  marytts.ModuleRegistry Now initiating mary module 'marytts.modules.OpenNLPPosTagger(en,en.pos)'
2018-10-14 22:31:06,586 [JavaFX Application Thread] INFO  marytts.UnitSelectionSynthesizer started.
2018-10-14 22:31:06,589 [JavaFX Application Thread] INFO  marytts.TargetFeatureLister Module started (ACOUSTPARAMS->TARGETFEATURES, locale null).
2018-10-14 22:31:06,589 [JavaFX Application Thread] INFO  marytts.HTSEngine Module started (TARGETFEATURES->AUDIO, locale null).
2018-10-14 22:31:06,650 [JavaFX Application Thread] INFO  marytts.HMMData Loading Tree Set in CARTs:
2018-10-14 22:31:06,725 [JavaFX Application Thread] INFO  marytts.HMMData Loading GV Model Set:
2018-10-14 22:31:06,860 [JavaFX Application Thread] INFO  marytts.Voice Registering voice `cmu-rms-hsmm': male, locale en_US
2018-10-14 22:31:06,860 [JavaFX Application Thread] INFO  marytts.Voice New default voice for locale en_US: cmu-rms-hsmm (desire 0)
2018-10-14 22:31:06,863 [JavaFX Application Thread] INFO  marytts.HMMData Loading Tree Set in CARTs:
2018-10-14 22:31:06,895 [JavaFX Application Thread] INFO  marytts.HMMData Loading GV Model Set:
2018-10-14 22:31:06,995 [JavaFX Application Thread] INFO  marytts.Voice Registering voice `cmu-slt-hsmm': female, locale en_US
2018-10-14 22:31:06,998 [JavaFX Application Thread] INFO  marytts.HMMData Loading Tree Set in CARTs:
2018-10-14 22:31:07,025 [JavaFX Application Thread] INFO  marytts.HMMData Loading GV Model Set:
2018-10-14 22:31:07,132 [JavaFX Application Thread] INFO  marytts.Voice Registering voice `dfki-poppy-hsmm': female, locale en_GB
2018-10-14 22:31:07,132 [JavaFX Application Thread] INFO  marytts.Voice New default voice for locale en_GB: dfki-poppy-hsmm (desire 0)
2018-10-14 22:31:07,132 [JavaFX Application Thread] INFO  marytts.HMMSynthesizer started.
2018-10-14 22:31:07,133 [JavaFX Application Thread] INFO  marytts.Synthesis Module started (ACOUSTPARAMS->AUDIO, locale null).
2018-10-14 22:31:07,133 [JavaFX Application Thread] INFO  marytts.HMMSynthesizer Starting power-on self test.
2018-10-14 22:31:07,135 [JavaFX Application Thread] INFO  marytts.HMMSynthesizer Power-on self test complete.
2018-10-14 22:31:07,136 [JavaFX Application Thread] INFO  marytts.TextToMaryXML Module started (TEXT->RAWMARYXML, locale null).
2018-10-14 22:31:07,136 [JavaFX Application Thread] INFO  marytts.TextToMaryXML Starting power-on self test.
2018-10-14 22:31:07,142 [JavaFX Application Thread] WARN  marytts.TextToMaryXML Locale is null, overriding with en_US
2018-10-14 22:31:07,142 [JavaFX Application Thread] WARN  marytts.TextToMaryXML Locale is null, overriding with en_US
2018-10-14 22:31:07,142 [JavaFX Application Thread] INFO  marytts.TextToMaryXML Power-on self test complete.
2018-10-14 22:31:07,311 [JavaFX Application Thread] INFO  marytts.SableParser Module started (SABLE->RAWMARYXML, locale null).
2018-10-14 22:31:07,311 [JavaFX Application Thread] INFO  marytts.SableParser Starting power-on self test.
2018-10-14 22:31:07,311 [JavaFX Application Thread] INFO  marytts.SableParser Power-on self test complete.
2018-10-14 22:31:07,370 [JavaFX Application Thread] INFO  marytts.SSMLParser Module started (SSML->RAWMARYXML, locale null).
2018-10-14 22:31:07,370 [JavaFX Application Thread] INFO  marytts.SSMLParser Starting power-on self test.
2018-10-14 22:31:07,370 [JavaFX Application Thread] INFO  marytts.SSMLParser Power-on self test complete.
2018-10-14 22:31:07,430 [JavaFX Application Thread] INFO  marytts.APMLParser Module started (APML->RAWMARYXML, locale null).
2018-10-14 22:31:07,430 [JavaFX Application Thread] INFO  marytts.APMLParser Starting power-on self test.
2018-10-14 22:31:07,430 [JavaFX Application Thread] INFO  marytts.APMLParser Power-on self test complete.
2018-10-14 22:31:07,487 [JavaFX Application Thread] INFO  marytts.EmotionmlParser Module started (EMOTIONML->RAWMARYXML, locale null).
2018-10-14 22:31:07,488 [JavaFX Application Thread] INFO  marytts.EmotionmlParser Starting power-on self test.
2018-10-14 22:31:07,488 [JavaFX Application Thread] INFO  marytts.EmotionmlParser Power-on self test complete.
2018-10-14 22:31:07,488 [JavaFX Application Thread] INFO  marytts.JTokeniser Module started (RAWMARYXML->TOKENS, locale null).
2018-10-14 22:31:07,547 [JavaFX Application Thread] INFO  marytts.JTokeniser Starting power-on self test.
2018-10-14 22:31:07,548 [JavaFX Application Thread] INFO  marytts.JTokeniser Power-on self test complete.
2018-10-14 22:31:07,548 [JavaFX Application Thread] INFO  marytts.DummyTokens2Words Module started (TOKENS->WORDS, locale null).
2018-10-14 22:31:07,548 [JavaFX Application Thread] INFO  marytts.DummyTokens2Words Starting power-on self test.
2018-10-14 22:31:07,548 [JavaFX Application Thread] INFO  marytts.DummyTokens2Words Power-on self test complete.
2018-10-14 22:31:07,555 [JavaFX Application Thread] INFO  marytts.Prosody Module started (PHONEMES->INTONATION, locale null).
2018-10-14 22:31:07,555 [JavaFX Application Thread] INFO  marytts.Prosody Starting power-on self test.
2018-10-14 22:31:07,556 [JavaFX Application Thread] INFO  marytts.Prosody Power-on self test complete.
2018-10-14 22:31:07,556 [JavaFX Application Thread] INFO  marytts.PronunciationModel Module started (INTONATION->ALLOPHONES, locale null).
2018-10-14 22:31:07,556 [JavaFX Application Thread] INFO  marytts.PronunciationModel Starting power-on self test.
2018-10-14 22:31:07,556 [JavaFX Application Thread] INFO  marytts.PronunciationModel Power-on self test complete.
2018-10-14 22:31:07,556 [JavaFX Application Thread] INFO  marytts.TargetFeatureLister Starting power-on self test.
2018-10-14 22:31:07,556 [JavaFX Application Thread] INFO  marytts.TargetFeatureLister Power-on self test complete.
2018-10-14 22:31:07,556 [JavaFX Application Thread] INFO  marytts.TargetFeatureLister Module started (ACOUSTPARAMS->HALFPHONE_TARGETFEATURES, locale null).
2018-10-14 22:31:07,556 [JavaFX Application Thread] INFO  marytts.TargetFeatureLister Starting power-on self test.
2018-10-14 22:31:07,556 [JavaFX Application Thread] INFO  marytts.TargetFeatureLister Power-on self test complete.
2018-10-14 22:31:07,556 [JavaFX Application Thread] INFO  marytts.AcousticModeller Module started (ALLOPHONES->ACOUSTPARAMS, locale null).
2018-10-14 22:31:07,556 [JavaFX Application Thread] INFO  marytts.AcousticModeller Starting power-on self test.
2018-10-14 22:31:07,556 [JavaFX Application Thread] INFO  marytts.AcousticModeller Power-on self test complete.
2018-10-14 22:31:07,556 [JavaFX Application Thread] INFO  marytts.Realised acoustparams extractor Module started (AUDIO->REALISED_ACOUSTPARAMS, locale null).
2018-10-14 22:31:07,556 [JavaFX Application Thread] INFO  marytts.Realised acoustparams extractor Starting power-on self test.
2018-10-14 22:31:07,556 [JavaFX Application Thread] INFO  marytts.Realised acoustparams extractor Power-on self test complete.
2018-10-14 22:31:07,556 [JavaFX Application Thread] INFO  marytts.Realised durations extractor Module started (AUDIO->REALISED_DURATIONS, locale null).
2018-10-14 22:31:07,556 [JavaFX Application Thread] INFO  marytts.Realised durations extractor Starting power-on self test.
2018-10-14 22:31:07,556 [JavaFX Application Thread] INFO  marytts.Realised durations extractor Power-on self test complete.
2018-10-14 22:31:07,556 [JavaFX Application Thread] INFO  marytts.Praat TextGrid generator Module started (REALISED_ACOUSTPARAMS->PRAAT_TEXTGRID, locale null).
2018-10-14 22:31:07,556 [JavaFX Application Thread] INFO  marytts.Praat TextGrid generator Starting power-on self test.
2018-10-14 22:31:07,556 [JavaFX Application Thread] INFO  marytts.Praat TextGrid generator Power-on self test complete.
2018-10-14 22:31:07,556 [JavaFX Application Thread] INFO  marytts.JTokeniser Module started (RAWMARYXML->TOKENS, locale en).
2018-10-14 22:31:07,579 [JavaFX Application Thread] INFO  marytts.JTokeniser Starting power-on self test.
2018-10-14 22:31:07,579 [JavaFX Application Thread] INFO  marytts.JTokeniser Power-on self test complete.
2018-10-14 22:31:07,579 [JavaFX Application Thread] INFO  marytts.Preprocess Module started (TOKENS->WORDS, locale en).
2018-10-14 22:31:07,579 [JavaFX Application Thread] INFO  marytts.Preprocess Starting power-on self test.
2018-10-14 22:31:07,579 [JavaFX Application Thread] INFO  marytts.Preprocess Power-on self test complete.
2018-10-14 22:31:07,580 [JavaFX Application Thread] INFO  marytts.JPhonemiser Module started (PARTSOFSPEECH->PHONEMES, locale en_US).
2018-10-14 22:31:07,582 [JavaFX Application Thread] INFO  marytts.JPhonemiser Starting power-on self test.
2018-10-14 22:31:07,582 [JavaFX Application Thread] INFO  marytts.JPhonemiser Power-on self test complete.
2018-10-14 22:31:07,582 [JavaFX Application Thread] INFO  marytts.JPhonemiser Module started (PARTSOFSPEECH->PHONEMES, locale en_GB).
2018-10-14 22:31:07,582 [JavaFX Application Thread] INFO  marytts.JPhonemiser Starting power-on self test.
2018-10-14 22:31:07,582 [JavaFX Application Thread] INFO  marytts.JPhonemiser Power-on self test complete.
2018-10-14 22:31:07,591 [JavaFX Application Thread] INFO  marytts.Prosody Module started (PHONEMES->INTONATION, locale en).
2018-10-14 22:31:07,591 [JavaFX Application Thread] INFO  marytts.Prosody Starting power-on self test.
2018-10-14 22:31:07,591 [JavaFX Application Thread] INFO  marytts.Prosody Power-on self test complete.
2018-10-14 22:31:07,591 [JavaFX Application Thread] INFO  marytts.SimplePhoneme2AP Module started (SIMPLEPHONEMES->ACOUSTPARAMS, locale en_US).
2018-10-14 22:31:07,591 [JavaFX Application Thread] INFO  marytts.SimplePhoneme2AP Starting power-on self test.
2018-10-14 22:31:07,593 [JavaFX Application Thread] INFO  marytts.SimplePhoneme2AP Power-on self test complete.
2018-10-14 22:31:07,593 [JavaFX Application Thread] INFO  marytts.PronunciationModel Module started (INTONATION->ALLOPHONES, locale en).
2018-10-14 22:31:07,593 [JavaFX Application Thread] INFO  marytts.PronunciationModel Starting power-on self test.
2018-10-14 22:31:07,593 [JavaFX Application Thread] INFO  marytts.PronunciationModel Power-on self test complete.
2018-10-14 22:31:07,593 [JavaFX Application Thread] INFO  marytts.OpenNLPPosTagger Module started (WORDS->PARTSOFSPEECH, locale en).
2018-10-14 22:31:08,307 [JavaFX Application Thread] INFO  marytts.OpenNLPPosTagger Starting power-on self test.
2018-10-14 22:31:08,308 [JavaFX Application Thread] INFO  marytts.OpenNLPPosTagger Power-on self test complete.
2018-10-14 22:31:08,308 [JavaFX Application Thread] INFO  marytts.main Startup complete.
2018-10-14 22:31:26,015 [JavaFX Application Thread] INFO  marytts.R 1 New request (input type "TEXT", output type "AUDIO", voice "cmu-rms-hsmm", audio "WAVE")
2018-10-14 22:31:26,016 [JavaFX Application Thread] INFO  marytts.R 1 Handling request using the following modules:
2018-10-14 22:31:26,016 [JavaFX Application Thread] INFO  marytts.R 1 - TextToMaryXML (marytts.modules.TextToMaryXML)
2018-10-14 22:31:26,016 [JavaFX Application Thread] INFO  marytts.R 1 Next module: TextToMaryXML
2018-10-14 22:31:26,017 [JavaFX Application Thread] INFO  marytts.R 1 Handling request using the following modules:
2018-10-14 22:31:26,017 [JavaFX Application Thread] INFO  marytts.R 1 - JTokeniser (marytts.language.en.JTokeniser)
2018-10-14 22:31:26,017 [JavaFX Application Thread] INFO  marytts.R 1 - Preprocess (marytts.language.en.Preprocess)
2018-10-14 22:31:26,017 [JavaFX Application Thread] INFO  marytts.R 1 - OpenNLPPosTagger (marytts.modules.OpenNLPPosTagger)
2018-10-14 22:31:26,017 [JavaFX Application Thread] INFO  marytts.R 1 - JPhonemiser (marytts.modules.JPhonemiser)
2018-10-14 22:31:26,017 [JavaFX Application Thread] INFO  marytts.R 1 - Prosody (marytts.language.en.Prosody)
2018-10-14 22:31:26,017 [JavaFX Application Thread] INFO  marytts.R 1 - PronunciationModel (marytts.language.en.PronunciationModel)
2018-10-14 22:31:26,017 [JavaFX Application Thread] INFO  marytts.R 1 - AcousticModeller (marytts.modules.AcousticModeller)
2018-10-14 22:31:26,017 [JavaFX Application Thread] INFO  marytts.R 1 - Synthesis (marytts.modules.Synthesis)
2018-10-14 22:31:26,017 [JavaFX Application Thread] INFO  marytts.R 1 Next module: JTokeniser
2018-10-14 22:31:26,019 [JavaFX Application Thread] INFO  marytts.R 1 Next module: Preprocess
2018-10-14 22:31:26,020 [JavaFX Application Thread] INFO  marytts.R 1 Next module: OpenNLPPosTagger
2018-10-14 22:31:26,022 [JavaFX Application Thread] INFO  marytts.R 1 Next module: JPhonemiser
2018-10-14 22:31:26,023 [JavaFX Application Thread] INFO  marytts.R 1 Next module: Prosody
2018-10-14 22:31:26,024 [JavaFX Application Thread] INFO  marytts.R 1 Next module: PronunciationModel
2018-10-14 22:31:26,024 [JavaFX Application Thread] INFO  marytts.R 1 Next module: AcousticModeller
2018-10-14 22:31:26,034 [JavaFX Application Thread] INFO  marytts.ParameterGeneration Parameter generation for LF0: 
2018-10-14 22:31:26,034 [JavaFX Application Thread] INFO  marytts.PStream Global variance optimization
2018-10-14 22:31:26,034 [JavaFX Application Thread] INFO  marytts.PStream Gradient GV optimization for feature: (0)  number of iterations=1
2018-10-14 22:31:26,036 [JavaFX Application Thread] INFO  marytts.R 1 Next module: Synthesis
2018-10-14 22:31:26,054 [JavaFX Application Thread] INFO  marytts.HMMSynthesizer Synthesizing one sentence.
2018-10-14 22:31:26,055 [JavaFX Application Thread] INFO  marytts.HTSEngine Using prosody from acoustparams.
2018-10-14 22:31:26,056 [JavaFX Application Thread] INFO  marytts.HTSEngine Number of models in sentence numModel=4  Total number of states numState=20
2018-10-14 22:31:26,056 [JavaFX Application Thread] INFO  marytts.HTSEngine Total number of frames=184  Number of voiced frames=47
2018-10-14 22:31:26,057 [JavaFX Application Thread] INFO  marytts.ParameterGeneration Parameter generation for MGC: 
2018-10-14 22:31:26,057 [JavaFX Application Thread] INFO  marytts.PStream Global variance optimization
2018-10-14 22:31:26,065 [JavaFX Application Thread] INFO  marytts.PStream Gradient GV optimization for feature: (0)  number of iterations=57
2018-10-14 22:31:26,068 [JavaFX Application Thread] INFO  marytts.PStream Gradient GV optimization for feature: (1)  number of iterations=16
2018-10-14 22:31:26,072 [JavaFX Application Thread] INFO  marytts.PStream Gradient GV optimization for feature: (2)  number of iterations=62
2018-10-14 22:31:26,075 [JavaFX Application Thread] INFO  marytts.PStream Gradient GV optimization for feature: (3)  number of iterations=39
2018-10-14 22:31:26,078 [JavaFX Application Thread] INFO  marytts.PStream Gradient GV optimization for feature: (4)  number of iterations=41
2018-10-14 22:31:26,080 [JavaFX Application Thread] INFO  marytts.PStream Gradient GV optimization for feature: (5)  number of iterations=17
2018-10-14 22:31:26,081 [JavaFX Application Thread] INFO  marytts.PStream Gradient GV optimization for feature: (6)  number of iterations=33
2018-10-14 22:31:26,082 [JavaFX Application Thread] INFO  marytts.PStream Gradient GV optimization for feature: (7)  number of iterations=30
2018-10-14 22:31:26,083 [JavaFX Application Thread] INFO  marytts.PStream Gradient GV optimization for feature: (8)  number of iterations=3
2018-10-14 22:31:26,084 [JavaFX Application Thread] INFO  marytts.PStream Gradient GV optimization for feature: (9)  number of iterations=15
2018-10-14 22:31:26,085 [JavaFX Application Thread] INFO  marytts.PStream Gradient GV optimization for feature: (10)  number of iterations=15
2018-10-14 22:31:26,087 [JavaFX Application Thread] INFO  marytts.PStream Gradient GV optimization for feature: (11)  number of iterations=22
2018-10-14 22:31:26,088 [JavaFX Application Thread] INFO  marytts.PStream Gradient GV optimization for feature: (12)  number of iterations=17
2018-10-14 22:31:26,089 [JavaFX Application Thread] INFO  marytts.PStream Gradient GV optimization for feature: (13)  number of iterations=9
2018-10-14 22:31:26,089 [JavaFX Application Thread] INFO  marytts.PStream Gradient GV optimization for feature: (14)  number of iterations=2
2018-10-14 22:31:26,090 [JavaFX Application Thread] INFO  marytts.PStream Gradient GV optimization for feature: (15)  number of iterations=3
2018-10-14 22:31:26,090 [JavaFX Application Thread] INFO  marytts.PStream Gradient GV optimization for feature: (16)  number of iterations=2
2018-10-14 22:31:26,091 [JavaFX Application Thread] INFO  marytts.PStream Gradient GV optimization for feature: (17)  number of iterations=2
2018-10-14 22:31:26,092 [JavaFX Application Thread] INFO  marytts.PStream Gradient GV optimization for feature: (18)  number of iterations=2
2018-10-14 22:31:26,092 [JavaFX Application Thread] INFO  marytts.PStream Gradient GV optimization for feature: (19)  number of iterations=4
2018-10-14 22:31:26,093 [JavaFX Application Thread] INFO  marytts.PStream Gradient GV optimization for feature: (20)  number of iterations=2
2018-10-14 22:31:26,093 [JavaFX Application Thread] INFO  marytts.PStream Gradient GV optimization for feature: (21)  number of iterations=4
2018-10-14 22:31:26,094 [JavaFX Application Thread] INFO  marytts.PStream Gradient GV optimization for feature: (22)  number of iterations=2
2018-10-14 22:31:26,094 [JavaFX Application Thread] INFO  marytts.PStream Gradient GV optimization for feature: (23)  number of iterations=2
2018-10-14 22:31:26,095 [JavaFX Application Thread] INFO  marytts.PStream Gradient GV optimization for feature: (24)  number of iterations=3
2018-10-14 22:31:26,095 [JavaFX Application Thread] INFO  marytts.ParameterGeneration Using f0 from maryXML acoustparams
2018-10-14 22:31:26,096 [JavaFX Application Thread] INFO  marytts.PStream Global variance optimization
2018-10-14 22:31:26,097 [JavaFX Application Thread] INFO  marytts.PStream Gradient GV optimization for feature: (0)  number of iterations=27
2018-10-14 22:31:26,098 [JavaFX Application Thread] INFO  marytts.PStream Gradient GV optimization for feature: (1)  number of iterations=2
2018-10-14 22:31:26,100 [JavaFX Application Thread] INFO  marytts.PStream Gradient GV optimization for feature: (2)  number of iterations=66
2018-10-14 22:31:26,102 [JavaFX Application Thread] INFO  marytts.PStream Gradient GV optimization for feature: (3)  number of iterations=84
2018-10-14 22:31:26,103 [JavaFX Application Thread] INFO  marytts.PStream Gradient GV optimization for feature: (4)  number of iterations=9
2018-10-14 22:31:26,110 [JavaFX Application Thread] INFO  marytts.R 1 Request processed in 95 ms.
2018-10-14 22:31:26,110 [JavaFX Application Thread] INFO  marytts.R 1    TextToMaryXML took 0 ms
2018-10-14 22:31:26,110 [JavaFX Application Thread] INFO  marytts.R 1    JTokeniser took 2 ms
2018-10-14 22:31:26,110 [JavaFX Application Thread] INFO  marytts.R 1    Preprocess took 1 ms
2018-10-14 22:31:26,110 [JavaFX Application Thread] INFO  marytts.R 1    OpenNLPPosTagger took 2 ms
2018-10-14 22:31:26,110 [JavaFX Application Thread] INFO  marytts.R 1    JPhonemiser took 1 ms
2018-10-14 22:31:26,110 [JavaFX Application Thread] INFO  marytts.R 1    Prosody took 1 ms
2018-10-14 22:31:26,110 [JavaFX Application Thread] INFO  marytts.R 1    PronunciationModel took 0 ms
2018-10-14 22:31:26,110 [JavaFX Application Thread] INFO  marytts.R 1    AcousticModeller took 12 ms
2018-10-14 22:31:26,110 [JavaFX Application Thread] INFO  marytts.R 1    Synthesis took 74 ms
2018-10-14 22:31:44,170 [JavaFX Application Thread] INFO  marytts.R 1 New request (input type "TEXT", output type "AUDIO", voice "cmu-rms-hsmm", audio "WAVE")
2018-10-14 22:31:44,170 [JavaFX Application Thread] INFO  marytts.R 1 Handling request using the following modules:
2018-10-14 22:31:44,170 [JavaFX Application Thread] INFO  marytts.R 1 - TextToMaryXML (marytts.modules.TextToMaryXML)
2018-10-14 22:31:44,170 [JavaFX Application Thread] INFO  marytts.R 1 Next module: TextToMaryXML
2018-10-14 22:31:44,171 [JavaFX Application Thread] INFO  marytts.R 1 Handling request using the following modules:
2018-10-14 22:31:44,171 [JavaFX Application Thread] INFO  marytts.R 1 - JTokeniser (marytts.language.en.JTokeniser)
2018-10-14 22:31:44,171 [JavaFX Application Thread] INFO  marytts.R 1 - Preprocess (marytts.language.en.Preprocess)
2018-10-14 22:31:44,171 [JavaFX Application Thread] INFO  marytts.R 1 - OpenNLPPosTagger (marytts.modules.OpenNLPPosTagger)
2018-10-14 22:31:44,171 [JavaFX Application Thread] INFO  marytts.R 1 - JPhonemiser (marytts.modules.JPhonemiser)
2018-10-14 22:31:44,171 [JavaFX Application Thread] INFO  marytts.R 1 - Prosody (marytts.language.en.Prosody)
2018-10-14 22:31:44,171 [JavaFX Application Thread] INFO  marytts.R 1 - PronunciationModel (marytts.language.en.PronunciationModel)
2018-10-14 22:31:44,171 [JavaFX Application Thread] INFO  marytts.R 1 - AcousticModeller (marytts.modules.AcousticModeller)
2018-10-14 22:31:44,171 [JavaFX Application Thread] INFO  marytts.R 1 - Synthesis (marytts.modules.Synthesis)
2018-10-14 22:31:44,171 [JavaFX Application Thread] INFO  marytts.R 1 Next module: JTokeniser
2018-10-14 22:31:44,171 [JavaFX Application Thread] INFO  marytts.R 1 Next module: Preprocess
2018-10-14 22:31:44,172 [JavaFX Application Thread] INFO  marytts.R 1 Next module: OpenNLPPosTagger
2018-10-14 22:31:44,172 [JavaFX Application Thread] INFO  marytts.R 1 Next module: JPhonemiser
2018-10-14 22:31:44,173 [JavaFX Application Thread] INFO  marytts.R 1 Next module: Prosody
2018-10-14 22:31:44,174 [JavaFX Application Thread] INFO  marytts.R 1 Next module: PronunciationModel
2018-10-14 22:31:44,174 [JavaFX Application Thread] INFO  marytts.R 1 Next module: AcousticModeller
2018-10-14 22:31:44,176 [JavaFX Application Thread] INFO  marytts.ParameterGeneration Parameter generation for LF0: 
2018-10-14 22:31:44,176 [JavaFX Application Thread] INFO  marytts.PStream Global variance optimization
2018-10-14 22:31:44,176 [JavaFX Application Thread] INFO  marytts.PStream Gradient GV optimization for feature: (0)  number of iterations=1
2018-10-14 22:31:44,177 [JavaFX Application Thread] INFO  marytts.R 1 Next module: Synthesis
2018-10-14 22:31:44,177 [JavaFX Application Thread] INFO  marytts.HMMSynthesizer Synthesizing one sentence.
2018-10-14 22:31:44,178 [JavaFX Application Thread] INFO  marytts.HTSEngine Using prosody from acoustparams.
2018-10-14 22:31:44,178 [JavaFX Application Thread] INFO  marytts.HTSEngine Number of models in sentence numModel=4  Total number of states numState=20
2018-10-14 22:31:44,178 [JavaFX Application Thread] INFO  marytts.HTSEngine Total number of frames=184  Number of voiced frames=47
2018-10-14 22:31:44,179 [JavaFX Application Thread] INFO  marytts.ParameterGeneration Parameter generation for MGC: 
2018-10-14 22:31:44,179 [JavaFX Application Thread] INFO  marytts.PStream Global variance optimization
2018-10-14 22:31:44,183 [JavaFX Application Thread] INFO  marytts.PStream Gradient GV optimization for feature: (0)  number of iterations=57
2018-10-14 22:31:44,185 [JavaFX Application Thread] INFO  marytts.PStream Gradient GV optimization for feature: (1)  number of iterations=16
2018-10-14 22:31:44,186 [JavaFX Application Thread] INFO  marytts.PStream Gradient GV optimization for feature: (2)  number of iterations=62
2018-10-14 22:31:44,188 [JavaFX Application Thread] INFO  marytts.PStream Gradient GV optimization for feature: (3)  number of iterations=39
2018-10-14 22:31:44,189 [JavaFX Application Thread] INFO  marytts.PStream Gradient GV optimization for feature: (4)  number of iterations=41
2018-10-14 22:31:44,190 [JavaFX Application Thread] INFO  marytts.PStream Gradient GV optimization for feature: (5)  number of iterations=17
2018-10-14 22:31:44,191 [JavaFX Application Thread] INFO  marytts.PStream Gradient GV optimization for feature: (6)  number of iterations=33
2018-10-14 22:31:44,192 [JavaFX Application Thread] INFO  marytts.PStream Gradient GV optimization for feature: (7)  number of iterations=30
2018-10-14 22:31:44,192 [JavaFX Application Thread] INFO  marytts.PStream Gradient GV optimization for feature: (8)  number of iterations=3
2018-10-14 22:31:44,192 [JavaFX Application Thread] INFO  marytts.PStream Gradient GV optimization for feature: (9)  number of iterations=15
2018-10-14 22:31:44,193 [JavaFX Application Thread] INFO  marytts.PStream Gradient GV optimization for feature: (10)  number of iterations=15
2018-10-14 22:31:44,194 [JavaFX Application Thread] INFO  marytts.PStream Gradient GV optimization for feature: (11)  number of iterations=22
2018-10-14 22:31:44,195 [JavaFX Application Thread] INFO  marytts.PStream Gradient GV optimization for feature: (12)  number of iterations=17
2018-10-14 22:31:44,195 [JavaFX Application Thread] INFO  marytts.PStream Gradient GV optimization for feature: (13)  number of iterations=9
2018-10-14 22:31:44,195 [JavaFX Application Thread] INFO  marytts.PStream Gradient GV optimization for feature: (14)  number of iterations=2
2018-10-14 22:31:44,196 [JavaFX Application Thread] INFO  marytts.PStream Gradient GV optimization for feature: (15)  number of iterations=3
2018-10-14 22:31:44,197 [JavaFX Application Thread] INFO  marytts.PStream Gradient GV optimization for feature: (16)  number of iterations=2
2018-10-14 22:31:44,197 [JavaFX Application Thread] INFO  marytts.PStream Gradient GV optimization for feature: (17)  number of iterations=2
2018-10-14 22:31:44,198 [JavaFX Application Thread] INFO  marytts.PStream Gradient GV optimization for feature: (18)  number of iterations=2
2018-10-14 22:31:44,198 [JavaFX Application Thread] INFO  marytts.PStream Gradient GV optimization for feature: (19)  number of iterations=4
2018-10-14 22:31:44,199 [JavaFX Application Thread] INFO  marytts.PStream Gradient GV optimization for feature: (20)  number of iterations=2
2018-10-14 22:31:44,199 [JavaFX Application Thread] INFO  marytts.PStream Gradient GV optimization for feature: (21)  number of iterations=4
2018-10-14 22:31:44,199 [JavaFX Application Thread] INFO  marytts.PStream Gradient GV optimization for feature: (22)  number of iterations=2
2018-10-14 22:31:44,199 [JavaFX Application Thread] INFO  marytts.PStream Gradient GV optimization for feature: (23)  number of iterations=2
2018-10-14 22:31:44,199 [JavaFX Application Thread] INFO  marytts.PStream Gradient GV optimization for feature: (24)  number of iterations=3
2018-10-14 22:31:44,199 [JavaFX Application Thread] INFO  marytts.ParameterGeneration Using f0 from maryXML acoustparams
2018-10-14 22:31:44,200 [JavaFX Application Thread] INFO  marytts.PStream Global variance optimization
2018-10-14 22:31:44,201 [JavaFX Application Thread] INFO  marytts.PStream Gradient GV optimization for feature: (0)  number of iterations=27
2018-10-14 22:31:44,201 [JavaFX Application Thread] INFO  marytts.PStream Gradient GV optimization for feature: (1)  number of iterations=2
2018-10-14 22:31:44,202 [JavaFX Application Thread] INFO  marytts.PStream Gradient GV optimization for feature: (2)  number of iterations=66
2018-10-14 22:31:44,205 [JavaFX Application Thread] INFO  marytts.PStream Gradient GV optimization for feature: (3)  number of iterations=84
2018-10-14 22:31:44,205 [JavaFX Application Thread] INFO  marytts.PStream Gradient GV optimization for feature: (4)  number of iterations=9
2018-10-14 22:31:44,206 [JavaFX Application Thread] INFO  marytts.R 1 Request processed in 36 ms.
2018-10-14 22:31:44,206 [JavaFX Application Thread] INFO  marytts.R 1    TextToMaryXML took 1 ms
2018-10-14 22:31:44,206 [JavaFX Application Thread] INFO  marytts.R 1    JTokeniser took 0 ms
2018-10-14 22:31:44,206 [JavaFX Application Thread] INFO  marytts.R 1    Preprocess took 1 ms
2018-10-14 22:31:44,206 [JavaFX Application Thread] INFO  marytts.R 1    OpenNLPPosTagger took 0 ms
2018-10-14 22:31:44,206 [JavaFX Application Thread] INFO  marytts.R 1    JPhonemiser took 1 ms
2018-10-14 22:31:44,206 [JavaFX Application Thread] INFO  marytts.R 1    Prosody took 1 ms
2018-10-14 22:31:44,206 [JavaFX Application Thread] INFO  marytts.R 1    PronunciationModel took 0 ms
2018-10-14 22:31:44,206 [JavaFX Application Thread] INFO  marytts.R 1    AcousticModeller took 3 ms
2018-10-14 22:31:44,206 [JavaFX Application Thread] INFO  marytts.R 1    Synthesis took 29 ms
2018-10-14 22:32:15,158 [Thread-5] INFO  marytts.main Shutting down modules...
2018-10-14 22:32:15,158 [Thread-5] INFO  marytts.Synthesis Module shut down.
2018-10-14 22:32:15,158 [Thread-5] INFO  marytts.TextToMaryXML Module shut down.
2018-10-14 22:32:15,158 [Thread-5] INFO  marytts.SableParser Module shut down.
2018-10-14 22:32:15,158 [Thread-5] INFO  marytts.SSMLParser Module shut down.
2018-10-14 22:32:15,158 [Thread-5] INFO  marytts.APMLParser Module shut down.
2018-10-14 22:32:15,159 [Thread-5] INFO  marytts.EmotionmlParser Module shut down.
2018-10-14 22:32:15,159 [Thread-5] INFO  marytts.JTokeniser Module shut down.
2018-10-14 22:32:15,159 [Thread-5] INFO  marytts.DummyTokens2Words Module shut down.
2018-10-14 22:32:15,159 [Thread-5] INFO  marytts.Prosody Module shut down.
2018-10-14 22:32:15,159 [Thread-5] INFO  marytts.PronunciationModel Module shut down.
2018-10-14 22:32:15,159 [Thread-5] INFO  marytts.TargetFeatureLister Module shut down.
2018-10-14 22:32:15,159 [Thread-5] INFO  marytts.TargetFeatureLister Module shut down.
2018-10-14 22:32:15,159 [Thread-5] INFO  marytts.AcousticModeller Module shut down.
2018-10-14 22:32:15,159 [Thread-5] INFO  marytts.Realised acoustparams extractor Module shut down.
2018-10-14 22:32:15,159 [Thread-5] INFO  marytts.Realised durations extractor Module shut down.
2018-10-14 22:32:15,159 [Thread-5] INFO  marytts.HTSEngine Module shut down.
2018-10-14 22:32:15,159 [Thread-5] INFO  marytts.Praat TextGrid generator Module shut down.
2018-10-14 22:32:15,159 [Thread-5] INFO  marytts.JTokeniser Module shut down.
2018-10-14 22:32:15,159 [Thread-5] INFO  marytts.Preprocess Module shut down.
2018-10-14 22:32:15,159 [Thread-5] INFO  marytts.JPhonemiser Module shut down.
2018-10-14 22:32:15,159 [Thread-5] INFO  marytts.JPhonemiser Module shut down.
2018-10-14 22:32:15,159 [Thread-5] INFO  marytts.Prosody Module shut down.
2018-10-14 22:32:15,159 [Thread-5] INFO  marytts.SimplePhoneme2AP Module shut down.
2018-10-14 22:32:15,159 [Thread-5] INFO  marytts.PronunciationModel Module shut down.
2018-10-14 22:32:15,159 [Thread-5] INFO  marytts.OpenNLPPosTagger Module shut down.
2018-10-14 22:32:15,160 [Thread-5] INFO  marytts.main Shutdown complete.
2018-10-14 22:42:00,709 [JavaFX Application Thread] INFO  marytts.main Mary starting up...
2018-10-14 22:42:00,712 [JavaFX Application Thread] INFO  marytts.main Specification version 5.2
2018-10-14 22:42:00,712 [JavaFX Application Thread] INFO  marytts.main Implementation version unknown
2018-10-14 22:42:00,712 [JavaFX Application Thread] INFO  marytts.main Running on a Java 1.8.0_181 implementation by Oracle Corporation, on a Windows 10 platform (amd64, 10.0)
2018-10-14 22:42:00,786 [JavaFX Application Thread] INFO  marytts.ModuleRegistry Now initiating mary module 'marytts.modules.Synthesis'
2018-10-14 22:42:00,789 [JavaFX Application Thread] INFO  marytts.ModuleRegistry Now initiating mary module 'marytts.modules.TextToMaryXML'
2018-10-14 22:42:00,790 [JavaFX Application Thread] INFO  marytts.ModuleRegistry Now initiating mary module 'marytts.modules.SableParser'
2018-10-14 22:42:00,790 [JavaFX Application Thread] INFO  marytts.ModuleRegistry Now initiating mary module 'marytts.modules.SSMLParser'
2018-10-14 22:42:00,790 [JavaFX Application Thread] INFO  marytts.ModuleRegistry Now initiating mary module 'marytts.modules.APMLParser'
2018-10-14 22:42:00,792 [JavaFX Application Thread] INFO  marytts.ModuleRegistry Now initiating mary module 'marytts.modules.EmotionmlParser'
2018-10-14 22:42:00,792 [JavaFX Application Thread] INFO  marytts.ModuleRegistry Now initiating mary module 'marytts.modules.JTokeniser'
2018-10-14 22:42:00,793 [JavaFX Application Thread] INFO  marytts.ModuleRegistry Now initiating mary module 'marytts.modules.DummyTokens2Words'
2018-10-14 22:42:00,793 [JavaFX Application Thread] INFO  marytts.ModuleRegistry Now initiating mary module 'marytts.modules.ProsodyGeneric'
2018-10-14 22:42:00,796 [JavaFX Application Thread] INFO  marytts.ModuleRegistry Now initiating mary module 'marytts.modules.PronunciationModel'
2018-10-14 22:42:00,797 [JavaFX Application Thread] INFO  marytts.ModuleRegistry Now initiating mary module 'marytts.modules.TargetFeatureLister'
2018-10-14 22:42:00,797 [JavaFX Application Thread] INFO  marytts.ModuleRegistry Now initiating mary module 'marytts.modules.HalfPhoneTargetFeatureLister'
2018-10-14 22:42:00,797 [JavaFX Application Thread] INFO  marytts.ModuleRegistry Now initiating mary module 'marytts.modules.AcousticModeller'
2018-10-14 22:42:00,799 [JavaFX Application Thread] INFO  marytts.ModuleRegistry Now initiating mary module 'marytts.modules.RealisedAcoustparamsExtractor'
2018-10-14 22:42:00,799 [JavaFX Application Thread] INFO  marytts.ModuleRegistry Now initiating mary module 'marytts.modules.RealisedDurationsExtractor'
2018-10-14 22:42:00,800 [JavaFX Application Thread] INFO  marytts.ModuleRegistry Now initiating mary module 'marytts.modules.HTSEngine'
2018-10-14 22:42:00,801 [JavaFX Application Thread] INFO  marytts.ModuleRegistry Now initiating mary module 'marytts.modules.PraatTextGridGenerator'
2018-10-14 22:42:00,802 [JavaFX Application Thread] INFO  marytts.ModuleRegistry Now initiating mary module 'marytts.language.en.JTokeniser'
2018-10-14 22:42:00,803 [JavaFX Application Thread] INFO  marytts.ModuleRegistry Now initiating mary module 'marytts.language.en.Preprocess'
2018-10-14 22:42:00,936 [JavaFX Application Thread] INFO  marytts.ModuleRegistry Now initiating mary module 'marytts.modules.JPhonemiser(en_US.)'
2018-10-14 22:42:00,937 [JavaFX Application Thread] INFO  marytts.JPhonemiser User dictionary '.\user-dictionaries\userdict-en_US.txt' for locale 'en_US' does not exist. Ignoring.
2018-10-14 22:42:00,993 [JavaFX Application Thread] INFO  marytts.ModuleRegistry Now initiating mary module 'marytts.modules.JPhonemiser(en_GB.)'
2018-10-14 22:42:00,993 [JavaFX Application Thread] INFO  marytts.JPhonemiser User dictionary '.\user-dictionaries\userdict-en_GB.txt' for locale 'en_GB' does not exist. Ignoring.
2018-10-14 22:42:01,046 [JavaFX Application Thread] INFO  marytts.ModuleRegistry Now initiating mary module 'marytts.language.en.Prosody'
2018-10-14 22:42:01,046 [JavaFX Application Thread] INFO  marytts.ModuleRegistry Now initiating mary module 'marytts.modules.SimplePhoneme2AP(en_US)'
2018-10-14 22:42:01,047 [JavaFX Application Thread] INFO  marytts.ModuleRegistry Now initiating mary module 'marytts.language.en.PronunciationModel'
2018-10-14 22:42:01,047 [JavaFX Application Thread] INFO  marytts.ModuleRegistry Now initiating mary module 'marytts.modules.OpenNLPPosTagger(en,en.pos)'
2018-10-14 22:42:01,052 [JavaFX Application Thread] INFO  marytts.UnitSelectionSynthesizer started.
2018-10-14 22:42:01,053 [JavaFX Application Thread] INFO  marytts.TargetFeatureLister Module started (ACOUSTPARAMS->TARGETFEATURES, locale null).
2018-10-14 22:42:01,053 [JavaFX Application Thread] INFO  marytts.HTSEngine Module started (TARGETFEATURES->AUDIO, locale null).
2018-10-14 22:42:01,108 [JavaFX Application Thread] INFO  marytts.HMMData Loading Tree Set in CARTs:
2018-10-14 22:42:01,162 [JavaFX Application Thread] INFO  marytts.HMMData Loading GV Model Set:
2018-10-14 22:42:01,287 [JavaFX Application Thread] INFO  marytts.Voice Registering voice `cmu-rms-hsmm': male, locale en_US
2018-10-14 22:42:01,287 [JavaFX Application Thread] INFO  marytts.Voice New default voice for locale en_US: cmu-rms-hsmm (desire 0)
2018-10-14 22:42:01,290 [JavaFX Application Thread] INFO  marytts.HMMData Loading Tree Set in CARTs:
2018-10-14 22:42:01,331 [JavaFX Application Thread] INFO  marytts.HMMData Loading GV Model Set:
2018-10-14 22:42:01,420 [JavaFX Application Thread] INFO  marytts.Voice Registering voice `cmu-slt-hsmm': female, locale en_US
2018-10-14 22:42:01,422 [JavaFX Application Thread] INFO  marytts.HMMData Loading Tree Set in CARTs:
2018-10-14 22:42:01,447 [JavaFX Application Thread] INFO  marytts.HMMData Loading GV Model Set:
2018-10-14 22:42:01,528 [JavaFX Application Thread] INFO  marytts.Voice Registering voice `dfki-poppy-hsmm': female, locale en_GB
2018-10-14 22:42:01,528 [JavaFX Application Thread] INFO  marytts.Voice New default voice for locale en_GB: dfki-poppy-hsmm (desire 0)
2018-10-14 22:42:01,528 [JavaFX Application Thread] INFO  marytts.HMMSynthesizer started.
2018-10-14 22:42:01,528 [JavaFX Application Thread] INFO  marytts.Synthesis Module started (ACOUSTPARAMS->AUDIO, locale null).
2018-10-14 22:42:01,528 [JavaFX Application Thread] INFO  marytts.HMMSynthesizer Starting power-on self test.
2018-10-14 22:42:01,529 [JavaFX Application Thread] INFO  marytts.HMMSynthesizer Power-on self test complete.
2018-10-14 22:42:01,530 [JavaFX Application Thread] INFO  marytts.TextToMaryXML Module started (TEXT->RAWMARYXML, locale null).
2018-10-14 22:42:01,530 [JavaFX Application Thread] INFO  marytts.TextToMaryXML Starting power-on self test.
2018-10-14 22:42:01,536 [JavaFX Application Thread] WARN  marytts.TextToMaryXML Locale is null, overriding with en_US
2018-10-14 22:42:01,536 [JavaFX Application Thread] WARN  marytts.TextToMaryXML Locale is null, overriding with en_US
2018-10-14 22:42:01,536 [JavaFX Application Thread] INFO  marytts.TextToMaryXML Power-on self test complete.
2018-10-14 22:42:01,675 [JavaFX Application Thread] INFO  marytts.SableParser Module started (SABLE->RAWMARYXML, locale null).
2018-10-14 22:42:01,675 [JavaFX Application Thread] INFO  marytts.SableParser Starting power-on self test.
2018-10-14 22:42:01,675 [JavaFX Application Thread] INFO  marytts.SableParser Power-on self test complete.
2018-10-14 22:42:01,725 [JavaFX Application Thread] INFO  marytts.SSMLParser Module started (SSML->RAWMARYXML, locale null).
2018-10-14 22:42:01,725 [JavaFX Application Thread] INFO  marytts.SSMLParser Starting power-on self test.
2018-10-14 22:42:01,725 [JavaFX Application Thread] INFO  marytts.SSMLParser Power-on self test complete.
2018-10-14 22:42:01,774 [JavaFX Application Thread] INFO  marytts.APMLParser Module started (APML->RAWMARYXML, locale null).
2018-10-14 22:42:01,774 [JavaFX Application Thread] INFO  marytts.APMLParser Starting power-on self test.
2018-10-14 22:42:01,774 [JavaFX Application Thread] INFO  marytts.APMLParser Power-on self test complete.
2018-10-14 22:42:01,812 [JavaFX Application Thread] INFO  marytts.EmotionmlParser Module started (EMOTIONML->RAWMARYXML, locale null).
2018-10-14 22:42:01,812 [JavaFX Application Thread] INFO  marytts.EmotionmlParser Starting power-on self test.
2018-10-14 22:42:01,812 [JavaFX Application Thread] INFO  marytts.EmotionmlParser Power-on self test complete.
2018-10-14 22:42:01,812 [JavaFX Application Thread] INFO  marytts.JTokeniser Module started (RAWMARYXML->TOKENS, locale null).
2018-10-14 22:42:01,845 [JavaFX Application Thread] INFO  marytts.JTokeniser Starting power-on self test.
2018-10-14 22:42:01,845 [JavaFX Application Thread] INFO  marytts.JTokeniser Power-on self test complete.
2018-10-14 22:42:01,845 [JavaFX Application Thread] INFO  marytts.DummyTokens2Words Module started (TOKENS->WORDS, locale null).
2018-10-14 22:42:01,845 [JavaFX Application Thread] INFO  marytts.DummyTokens2Words Starting power-on self test.
2018-10-14 22:42:01,845 [JavaFX Application Thread] INFO  marytts.DummyTokens2Words Power-on self test complete.
2018-10-14 22:42:01,849 [JavaFX Application Thread] INFO  marytts.Prosody Module started (PHONEMES->INTONATION, locale null).
2018-10-14 22:42:01,850 [JavaFX Application Thread] INFO  marytts.Prosody Starting power-on self test.
2018-10-14 22:42:01,850 [JavaFX Application Thread] INFO  marytts.Prosody Power-on self test complete.
2018-10-14 22:42:01,850 [JavaFX Application Thread] INFO  marytts.PronunciationModel Module started (INTONATION->ALLOPHONES, locale null).
2018-10-14 22:42:01,850 [JavaFX Application Thread] INFO  marytts.PronunciationModel Starting power-on self test.
2018-10-14 22:42:01,850 [JavaFX Application Thread] INFO  marytts.PronunciationModel Power-on self test complete.
2018-10-14 22:42:01,850 [JavaFX Application Thread] INFO  marytts.TargetFeatureLister Starting power-on self test.
2018-10-14 22:42:01,850 [JavaFX Application Thread] INFO  marytts.TargetFeatureLister Power-on self test complete.
2018-10-14 22:42:01,850 [JavaFX Application Thread] INFO  marytts.TargetFeatureLister Module started (ACOUSTPARAMS->HALFPHONE_TARGETFEATURES, locale null).
2018-10-14 22:42:01,850 [JavaFX Application Thread] INFO  marytts.TargetFeatureLister Starting power-on self test.
2018-10-14 22:42:01,850 [JavaFX Application Thread] INFO  marytts.TargetFeatureLister Power-on self test complete.
2018-10-14 22:42:01,850 [JavaFX Application Thread] INFO  marytts.AcousticModeller Module started (ALLOPHONES->ACOUSTPARAMS, locale null).
2018-10-14 22:42:01,850 [JavaFX Application Thread] INFO  marytts.AcousticModeller Starting power-on self test.
2018-10-14 22:42:01,850 [JavaFX Application Thread] INFO  marytts.AcousticModeller Power-on self test complete.
2018-10-14 22:42:01,850 [JavaFX Application Thread] INFO  marytts.Realised acoustparams extractor Module started (AUDIO->REALISED_ACOUSTPARAMS, locale null).
2018-10-14 22:42:01,850 [JavaFX Application Thread] INFO  marytts.Realised acoustparams extractor Starting power-on self test.
2018-10-14 22:42:01,850 [JavaFX Application Thread] INFO  marytts.Realised acoustparams extractor Power-on self test complete.
2018-10-14 22:42:01,850 [JavaFX Application Thread] INFO  marytts.Realised durations extractor Module started (AUDIO->REALISED_DURATIONS, locale null).
2018-10-14 22:42:01,850 [JavaFX Application Thread] INFO  marytts.Realised durations extractor Starting power-on self test.
2018-10-14 22:42:01,850 [JavaFX Application Thread] INFO  marytts.Realised durations extractor Power-on self test complete.
2018-10-14 22:42:01,850 [JavaFX Application Thread] INFO  marytts.Praat TextGrid generator Module started (REALISED_ACOUSTPARAMS->PRAAT_TEXTGRID, locale null).
2018-10-14 22:42:01,850 [JavaFX Application Thread] INFO  marytts.Praat TextGrid generator Starting power-on self test.
2018-10-14 22:42:01,851 [JavaFX Application Thread] INFO  marytts.Praat TextGrid generator Power-on self test complete.
2018-10-14 22:42:01,851 [JavaFX Application Thread] INFO  marytts.JTokeniser Module started (RAWMARYXML->TOKENS, locale en).
2018-10-14 22:42:01,861 [JavaFX Application Thread] INFO  marytts.JTokeniser Starting power-on self test.
2018-10-14 22:42:01,861 [JavaFX Application Thread] INFO  marytts.JTokeniser Power-on self test complete.
2018-10-14 22:42:01,861 [JavaFX Application Thread] INFO  marytts.Preprocess Module started (TOKENS->WORDS, locale en).
2018-10-14 22:42:01,861 [JavaFX Application Thread] INFO  marytts.Preprocess Starting power-on self test.
2018-10-14 22:42:01,862 [JavaFX Application Thread] INFO  marytts.Preprocess Power-on self test complete.
2018-10-14 22:42:01,862 [JavaFX Application Thread] INFO  marytts.JPhonemiser Module started (PARTSOFSPEECH->PHONEMES, locale en_US).
2018-10-14 22:42:01,864 [JavaFX Application Thread] INFO  marytts.JPhonemiser Starting power-on self test.
2018-10-14 22:42:01,864 [JavaFX Application Thread] INFO  marytts.JPhonemiser Power-on self test complete.
2018-10-14 22:42:01,864 [JavaFX Application Thread] INFO  marytts.JPhonemiser Module started (PARTSOFSPEECH->PHONEMES, locale en_GB).
2018-10-14 22:42:01,864 [JavaFX Application Thread] INFO  marytts.JPhonemiser Starting power-on self test.
2018-10-14 22:42:01,864 [JavaFX Application Thread] INFO  marytts.JPhonemiser Power-on self test complete.
2018-10-14 22:42:01,872 [JavaFX Application Thread] INFO  marytts.Prosody Module started (PHONEMES->INTONATION, locale en).
2018-10-14 22:42:01,872 [JavaFX Application Thread] INFO  marytts.Prosody Starting power-on self test.
2018-10-14 22:42:01,872 [JavaFX Application Thread] INFO  marytts.Prosody Power-on self test complete.
2018-10-14 22:42:01,873 [JavaFX Application Thread] INFO  marytts.SimplePhoneme2AP Module started (SIMPLEPHONEMES->ACOUSTPARAMS, locale en_US).
2018-10-14 22:42:01,873 [JavaFX Application Thread] INFO  marytts.SimplePhoneme2AP Starting power-on self test.
2018-10-14 22:42:01,875 [JavaFX Application Thread] INFO  marytts.SimplePhoneme2AP Power-on self test complete.
2018-10-14 22:42:01,875 [JavaFX Application Thread] INFO  marytts.PronunciationModel Module started (INTONATION->ALLOPHONES, locale en).
2018-10-14 22:42:01,875 [JavaFX Application Thread] INFO  marytts.PronunciationModel Starting power-on self test.
2018-10-14 22:42:01,876 [JavaFX Application Thread] INFO  marytts.PronunciationModel Power-on self test complete.
2018-10-14 22:42:01,876 [JavaFX Application Thread] INFO  marytts.OpenNLPPosTagger Module started (WORDS->PARTSOFSPEECH, locale en).
2018-10-14 22:42:02,546 [JavaFX Application Thread] INFO  marytts.OpenNLPPosTagger Starting power-on self test.
2018-10-14 22:42:02,546 [JavaFX Application Thread] INFO  marytts.OpenNLPPosTagger Power-on self test complete.
2018-10-14 22:42:02,546 [JavaFX Application Thread] INFO  marytts.main Startup complete.
2018-10-14 22:42:37,658 [Thread-5] INFO  marytts.main Shutting down modules...
2018-10-14 22:42:37,658 [Thread-5] INFO  marytts.Synthesis Module shut down.
2018-10-14 22:42:37,658 [Thread-5] INFO  marytts.TextToMaryXML Module shut down.
2018-10-14 22:42:37,658 [Thread-5] INFO  marytts.SableParser Module shut down.
2018-10-14 22:42:37,658 [Thread-5] INFO  marytts.SSMLParser Module shut down.
2018-10-14 22:42:37,658 [Thread-5] INFO  marytts.APMLParser Module shut down.
2018-10-14 22:42:37,658 [Thread-5] INFO  marytts.EmotionmlParser Module shut down.
2018-10-14 22:42:37,658 [Thread-5] INFO  marytts.JTokeniser Module shut down.
2018-10-14 22:42:37,658 [Thread-5] INFO  marytts.DummyTokens2Words Module shut down.
2018-10-14 22:42:37,658 [Thread-5] INFO  marytts.Prosody Module shut down.
2018-10-14 22:42:37,658 [Thread-5] INFO  marytts.PronunciationModel Module shut down.
2018-10-14 22:42:37,658 [Thread-5] INFO  marytts.TargetFeatureLister Module shut down.
2018-10-14 22:42:37,659 [Thread-5] INFO  marytts.TargetFeatureLister Module shut down.
2018-10-14 22:42:37,659 [Thread-5] INFO  marytts.AcousticModeller Module shut down.
2018-10-14 22:42:37,659 [Thread-5] INFO  marytts.Realised acoustparams extractor Module shut down.
2018-10-14 22:42:37,659 [Thread-5] INFO  marytts.Realised durations extractor Module shut down.
2018-10-14 22:42:37,659 [Thread-5] INFO  marytts.HTSEngine Module shut down.
2018-10-14 22:42:37,659 [Thread-5] INFO  marytts.Praat TextGrid generator Module shut down.
2018-10-14 22:42:37,659 [Thread-5] INFO  marytts.JTokeniser Module shut down.
2018-10-14 22:42:37,659 [Thread-5] INFO  marytts.Preprocess Module shut down.
2018-10-14 22:42:37,659 [Thread-5] INFO  marytts.JPhonemiser Module shut down.
2018-10-14 22:42:37,659 [Thread-5] INFO  marytts.JPhonemiser Module shut down.
2018-10-14 22:42:37,659 [Thread-5] INFO  marytts.Prosody Module shut down.
2018-10-14 22:42:37,659 [Thread-5] INFO  marytts.SimplePhoneme2AP Module shut down.
2018-10-14 22:42:37,659 [Thread-5] INFO  marytts.PronunciationModel Module shut down.
2018-10-14 22:42:37,659 [Thread-5] INFO  marytts.OpenNLPPosTagger Module shut down.
2018-10-14 22:42:37,659 [Thread-5] INFO  marytts.main Shutdown complete.
